<?xml version="1.0" encoding="UTF-8"?>
<!-- Generated by org.testng.reporters.JUnitXMLReporter -->
<testsuite hostname="Admin-PC" ignored="0" name="Scientific Caclulator .Net Desktop App Test Cases" tests="3" failures="1" timestamp="20 Nov 2019 11:09:31 GMT" time="192.318" errors="0">
  <testcase name="calcTitleVerifyTest" time="6.235" classname="com.qa.testcases.CalculatorOperationsTest"/>
  <testcase name="calcDiffOperationsTest" time="86.509" classname="com.qa.testcases.CalculatorOperationsTest"/>
  <testcase name="calcOperationsTest" time="71.519" classname="com.qa.testcases.CalculatorOperationsTest">
    <failure type="java.lang.AssertionError" message="6 - 2=4 expected [6] but found [4]">
      <![CDATA[java.lang.AssertionError: 6 - 2=4 expected [6] but found [4]
at com.qa.testcases.CalculatorOperationsTest.calcOperationsTest(CalculatorOperationsTest.java:97)
... Removed 30 stack frames]]>
    </failure>
  </testcase> <!-- calcOperationsTest -->
</testsuite> <!-- Scientific Caclulator .Net Desktop App Test Cases -->
